#
# A fatal error has been detected by the Java Runtime Environment:
#
#  SIGSEGV (0xb) at pc=0x0000000040bcae25, pid=16113, tid=140242099451648
#
# JRE version: 6.0_17-b04
# Java VM: Java HotSpot(TM) 64-Bit Server VM (14.3-b01 mixed mode linux-amd64 )
# Problematic frame:
# C  0x0000000040bcae25
#
# If you would like to submit a bug report, please visit:
#   http://java.sun.com/webapps/bugreport/crash.jsp
# The crash happened outside the Java Virtual Machine in native code.
# See problematic frame for where to report the bug.
#

---------------  T H R E A D  ---------------

Current thread (0x00007f8cb0299000):  JavaThread "LWJGL Application" [_thread_in_native, id=16135, stack(0x00007f8ca8753000,0x00007f8ca8854000)]

siginfo:si_signo=SIGSEGV: si_errno=0, si_code=1 (SEGV_MAPERR), si_addr=0x0000000000000000

Registers:
RAX=0x00007f8ca6177d34, RBX=0x0000000041885000, RCX=0x0000000000000000, RDX=0x0000000000000007
RSP=0x00007f8ca88521a8, RBP=0x0000000000000000, RSI=0x0000000000000000, RDI=0x0000000000000000
R8 =0x8b3e8bf7034804e7, R9 =0x0c6889087889046e, R10=0x0000000000000006, R11=0x0000000000000000
R12=0x0000000041885000, R13=0x0000000000000000, R14=0x0000000000000055, R15=0x0000000000000006
RIP=0x0000000040bcae25, EFL=0x0000000000010246, CSGSFS=0x0000000000000033, ERR=0x0000000000000004
  TRAPNO=0x000000000000000e

Top of Stack: (sp=0x00007f8ca88521a8)
0x00007f8ca88521a8:   0000000041885000 00007f8ca6177d30
0x00007f8ca88521b8:   0000000000000007 0000000000000000
0x00007f8ca88521c8:   00007f8ca74c1110 00007f8cb0299000
0x00007f8ca88521d8:   00000006a74c1a3c 0000000040bcadc0
0x00007f8ca88521e8:   00007f8cb830b168 00007f8ca8852288
0x00007f8ca88521f8:   00007f8cb8382578 00007f8cb830b168
0x00007f8ca8852208:   00007f8ca88522c8 00007f8cb0299000
0x00007f8ca8852218:   00007f8cfb03ff50 00007f8cfb033d00
0x00007f8ca8852228:   00007f8cb0299000 00007f8ca8852310
0x00007f8ca8852238:   00007f8ca88522c8 00007f8cb0299000
0x00007f8ca8852248:   00007f8ca8852248 00007f8cb830b168
0x00007f8ca8852258:   00007f8ca88522c8 00007f8cb8326ba8
0x00007f8ca8852268:   0000000000000000 00007f8cb830b168
0x00007f8ca8852278:   0000000000000000 00007f8ca88522a8
0x00007f8ca8852288:   00007f8ca8852310 00007f8cfb034a22
0x00007f8ca8852298:   00007f8cb8326af0 00007f8cfb03ca58
0x00007f8ca88522a8:   00007f8ca862e4c0 00007f8ca8852310
0x00007f8ca88522b8:   0000000000000007 0000000000000000
0x00007f8ca88522c8:   0000000000000006 00007f8ca88522d0
0x00007f8ca88522d8:   00007f8cb830b064 00007f8ca8852348
0x00007f8ca88522e8:   00007f8cb8326ba8 0000000000000000
0x00007f8ca88522f8:   00007f8cb830b0b0 00007f8ca88522a8
0x00007f8ca8852308:   00007f8ca8852338 00007f8ca8852390
0x00007f8ca8852318:   00007f8cfb034a22 00007f8ca862e4c0
0x00007f8ca8852328:   0000000000000000 00007f8cbd2c5940
0x00007f8ca8852338:   0000000000000007 0000000000000000
0x00007f8ca8852348:   0000000000000006 00007f8ca8852350
0x00007f8ca8852358:   00007f8cb8385e43 00007f8ca88523b8
0x00007f8ca8852368:   00007f8cb838b140 0000000000000000
0x00007f8ca8852378:   00007f8cb8385e80 00007f8ca8852338
0x00007f8ca8852388:   00007f8ca88523a0 00007f8ca8852400
0x00007f8ca8852398:   00007f8cfb034efc 0000000000000007 

Instructions: (pc=0x0000000040bcae25)
0x0000000040bcae15:   8b 36 48 8b 76 78 48 8b f9 48 c1 e7 04 48 03 f7
0x0000000040bcae25:   8b 3e 8b 6e 04 89 78 08 89 68 0c 8b 7e 08 8b 6e 

Stack: [0x00007f8ca8753000,0x00007f8ca8854000],  sp=0x00007f8ca88521a8,  free space=1020k
Native frames: (J=compiled Java code, j=interpreted, Vv=VM code, C=native code)
C  0x0000000040bcae25

[error occurred during error reporting (printing native stack), id 0xb]

Java frames: (J=compiled Java code, j=interpreted, Vv=VM code)
j  org.lwjgl.opengl.GL11.nglDrawArrays(IIIJ)V+0
j  org.lwjgl.opengl.GL11.glDrawArrays(III)V+20
j  com.badlogic.gdx.backends.lwjgl.LwjglGL10.glDrawArrays(III)V+3
j  com.critterdroid.simulation.App.drawEllipse(FFFFIFZ)V+149
j  com.critterdroid.simulation.App.renderBody(Lcom/badlogic/gdx/Graphics;Lcom/badlogic/gdx/physics/box2d/Body;)V+138
j  com.critterdroid.simulation.App.render()V+191
j  com.badlogic.gdx.backends.lwjgl.LwjglApplication.mainLoop()V+309
j  com.badlogic.gdx.backends.lwjgl.LwjglApplication$1.run()V+27
v  ~StubRoutines::call_stub

---------------  P R O C E S S  ---------------

Java Threads: ( => current thread )
  0x00007f8cb029a000 JavaThread "DestroyJavaVM" [_thread_blocked, id=16117, stack(0x00007f8cfeed0000,0x00007f8cfefd1000)]
=>0x00007f8cb0299000 JavaThread "LWJGL Application" [_thread_in_native, id=16135, stack(0x00007f8ca8753000,0x00007f8ca8854000)]
  0x00007f8cb0273000 JavaThread "AWT-XAWT" daemon [_thread_in_native, id=16131, stack(0x00007f8cafeff000,0x00007f8cb0000000)]
  0x00007f8cb0237800 JavaThread "Java2D Disposer" daemon [_thread_blocked, id=16130, stack(0x00007f8cb46a9000,0x00007f8cb47aa000)]
  0x00007f8cb007c000 JavaThread "Low Memory Detector" daemon [_thread_blocked, id=16128, stack(0x00007f8cb6572000,0x00007f8cb6673000)]
  0x00007f8cb0079000 JavaThread "CompilerThread1" daemon [_thread_blocked, id=16127, stack(0x00007f8cb6673000,0x00007f8cb6774000)]
  0x00007f8cb0076800 JavaThread "CompilerThread0" daemon [_thread_blocked, id=16126, stack(0x00007f8cb6774000,0x00007f8cb6875000)]
  0x00007f8cb0074800 JavaThread "Signal Dispatcher" daemon [_thread_blocked, id=16125, stack(0x00007f8cb6875000,0x00007f8cb6976000)]
  0x00007f8cb0057800 JavaThread "Finalizer" daemon [_thread_blocked, id=16124, stack(0x00007f8cb6efa000,0x00007f8cb6ffb000)]
  0x00007f8cb0055800 JavaThread "Reference Handler" daemon [_thread_blocked, id=16123, stack(0x00007f8cb6ffb000,0x00007f8cb70fc000)]

Other Threads:
  0x00007f8cb004f000 VMThread [stack: 0x00007f8cb70fc000,0x00007f8cb71fd000] [id=16122]
  0x00007f8cb007f000 WatcherThread [stack: 0x00007f8cb6471000,0x00007f8cb6572000] [id=16129]

VM state:not at safepoint (normal execution)

VM Mutex/Monitor currently owned by a thread: None

Heap
 PSYoungGen      total 34368K, used 25848K [0x00007f8ce64c0000, 0x00007f8ce88e0000, 0x00007f8cfaf60000)
  eden space 31744K, 73% used [0x00007f8ce64c0000,0x00007f8ce7b6e348,0x00007f8ce83c0000)
  from space 2624K, 100% used [0x00007f8ce8650000,0x00007f8ce88e0000,0x00007f8ce88e0000)
  to   space 2624K, 0% used [0x00007f8ce83c0000,0x00007f8ce83c0000,0x00007f8ce8650000)
 PSOldGen        total 42304K, used 16560K [0x00007f8cbcf60000, 0x00007f8cbf8b0000, 0x00007f8ce64c0000)
  object space 42304K, 39% used [0x00007f8cbcf60000,0x00007f8cbdf8c2c0,0x00007f8cbf8b0000)
 PSPermGen       total 21248K, used 9870K [0x00007f8cb7b60000, 0x00007f8cb9020000, 0x00007f8cbcf60000)
  object space 21248K, 46% used [0x00007f8cb7b60000,0x00007f8cb8503960,0x00007f8cb9020000)

Dynamic libraries:
40000000-40009000 r-xp 00000000 08:01 2040113                            /app/jdk1.6.0_17/bin/java
40108000-4010a000 rwxp 00008000 08:01 2040113                            /app/jdk1.6.0_17/bin/java
40bc9000-40bcb000 r-xs 00000000 08:01 13517332                           /tmp/glxdMWqg (deleted)
414ff000-41872000 rwxp 00000000 00:00 0                                  [heap]
41885000-418ff000 rwxp 00000000 00:00 0 
7f8ca5b31000-7f8ca5e31000 rwxp 00000000 00:00 0 
7f8ca5e31000-7f8ca6031000 rwxs 58899000 00:05 9390                       /dev/nvidia0
7f8ca6031000-7f8ca6131000 rwxs 517e7000 00:05 9390                       /dev/nvidia0
7f8ca6131000-7f8ca6171000 rwxs 58b42000 00:05 9390                       /dev/nvidia0
7f8ca6171000-7f8ca6191000 rwxs 9c681000 00:05 9390                       /dev/nvidia0
7f8ca6191000-7f8ca6192000 rwxs e2c0a000 00:05 9390                       /dev/nvidia0
7f8ca6192000-7f8ca61d2000 rwxs 562f5000 00:05 9390                       /dev/nvidia0
7f8ca61d2000-7f8ca61f2000 rwxs 53ca5000 00:05 9390                       /dev/nvidia0
7f8ca61f2000-7f8ca62f2000 rwxp 00000000 00:00 0 
7f8ca62f2000-7f8ca78e6000 r-xp 00000000 08:01 1417237                    /usr/lib/nvidia-current/libnvidia-glcore.so.280.13
7f8ca78e6000-7f8ca7ae5000 ---p 015f4000 08:01 1417237                    /usr/lib/nvidia-current/libnvidia-glcore.so.280.13
7f8ca7ae5000-7f8ca8124000 rwxp 015f3000 08:01 1417237                    /usr/lib/nvidia-current/libnvidia-glcore.so.280.13
7f8ca8124000-7f8ca813e000 rwxp 00000000 00:00 0 
7f8ca813e000-7f8ca8141000 r-xp 00000000 08:01 8847824                    /usr/lib/nvidia-current/tls/libnvidia-tls.so.280.13
7f8ca8141000-7f8ca8340000 ---p 00003000 08:01 8847824                    /usr/lib/nvidia-current/tls/libnvidia-tls.so.280.13
7f8ca8340000-7f8ca8341000 rwxp 00002000 08:01 8847824                    /usr/lib/nvidia-current/tls/libnvidia-tls.so.280.13
7f8ca8341000-7f8ca8402000 r-xp 00000000 08:01 1417317                    /usr/lib/nvidia-current/libGL.so.280.13
7f8ca8402000-7f8ca8601000 ---p 000c1000 08:01 1417317                    /usr/lib/nvidia-current/libGL.so.280.13
7f8ca8601000-7f8ca863c000 rwxp 000c0000 08:01 1417317                    /usr/lib/nvidia-current/libGL.so.280.13
7f8ca863c000-7f8ca8652000 rwxp 00000000 00:00 0 
7f8ca8652000-7f8ca8655000 rwxp 00000000 00:00 0 
7f8ca8655000-7f8ca8753000 rwxp 00000000 00:00 0 
7f8ca8753000-7f8ca8756000 ---p 00000000 00:00 0 
7f8ca8756000-7f8ca8854000 rwxp 00000000 00:00 0 
7f8ca8854000-7f8ca8855000 ---p 00000000 00:00 0 
7f8ca8855000-7f8ca9055000 rwxp 00000000 00:00 0 
7f8ca9055000-7f8cad056000 rwxs 00000000 00:12 122105078                  /run/shm/pulse-shm-3406692711
7f8cad056000-7f8cad057000 ---p 00000000 00:00 0 
7f8cad057000-7f8cad857000 rwxp 00000000 00:00 0 
7f8cad857000-7f8cad86e000 r-xp 00000000 08:01 6021185                    /lib/x86_64-linux-gnu/libresolv-2.13.so
7f8cad86e000-7f8cada6e000 ---p 00017000 08:01 6021185                    /lib/x86_64-linux-gnu/libresolv-2.13.so
7f8cada6e000-7f8cada6f000 r-xp 00017000 08:01 6021185                    /lib/x86_64-linux-gnu/libresolv-2.13.so
7f8cada6f000-7f8cada70000 rwxp 00018000 08:01 6021185                    /lib/x86_64-linux-gnu/libresolv-2.13.so
7f8cada70000-7f8cada72000 rwxp 00000000 00:00 0 
7f8cada72000-7f8cada78000 r-xp 00000000 08:01 14676538                   /usr/lib/x86_64-linux-gnu/libogg.so.0.7.1
7f8cada78000-7f8cadc77000 ---p 00006000 08:01 14676538                   /usr/lib/x86_64-linux-gnu/libogg.so.0.7.1
7f8cadc77000-7f8cadc78000 r-xp 00005000 08:01 14676538                   /usr/lib/x86_64-linux-gnu/libogg.so.0.7.1
7f8cadc78000-7f8cadc79000 rwxp 00006000 08:01 14676538                   /usr/lib/x86_64-linux-gnu/libogg.so.0.7.1
7f8cadc79000-7f8cadca4000 r-xp 00000000 08:01 14676561                   /usr/lib/x86_64-linux-gnu/libvorbis.so.0.4.5
7f8cadca4000-7f8cadea3000 ---p 0002b000 08:01 14676561                   /usr/lib/x86_64-linux-gnu/libvorbis.so.0.4.5
7f8cadea3000-7f8cadea4000 r-xp 0002a000 08:01 14676561                   /usr/lib/x86_64-linux-gnu/libvorbis.so.0.4.5
7f8cadea4000-7f8cadea5000 rwxp 0002b000 08:01 14676561                   /usr/lib/x86_64-linux-gnu/libvorbis.so.0.4.5
7f8cadea5000-7f8cae158000 r-xp 00000000 08:01 14676559                   /usr/lib/x86_64-linux-gnu/libvorbisenc.so.2.0.8
7f8cae158000-7f8cae357000 ---p 002b3000 08:01 14676559                   /usr/lib/x86_64-linux-gnu/libvorbisenc.so.2.0.8
7f8cae357000-7f8cae373000 r-xp 002b2000 08:01 14676559                   /usr/lib/x86_64-linux-gnu/libvorbisenc.so.2.0.8
7f8cae373000-7f8cae374000 rwxp 002ce000 08:01 14676559                   /usr/lib/x86_64-linux-gnu/libvorbisenc.so.2.0.8
7f8cae374000-7f8cae3bc000 r-xp 00000000 08:01 14676543                   /usr/lib/x86_64-linux-gnu/libFLAC.so.8.2.0
7f8cae3bc000-7f8cae5bc000 ---p 00048000 08:01 14676543                   /usr/lib/x86_64-linux-gnu/libFLAC.so.8.2.0
7f8cae5bc000-7f8cae5bd000 r-xp 00048000 08:01 14676543                   /usr/lib/x86_64-linux-gnu/libFLAC.so.8.2.0
7f8cae5bd000-7f8cae5be000 rwxp 00049000 08:01 14676543                   /usr/lib/x86_64-linux-gnu/libFLAC.so.8.2.0
7f8cae5be000-7f8cae5c3000 r-xp 00000000 08:01 14676592                   /usr/lib/x86_64-linux-gnu/libasyncns.so.0.3.1
7f8cae5c3000-7f8cae7c2000 ---p 00005000 08:01 14676592                   /usr/lib/x86_64-linux-gnu/libasyncns.so.0.3.1
7f8cae7c2000-7f8cae7c3000 r-xp 00004000 08:01 14676592                   /usr/lib/x86_64-linux-gnu/libasyncns.so.0.3.1
7f8cae7c3000-7f8cae7c4000 rwxp 00005000 08:01 14676592                   /usr/lib/x86_64-linux-gnu/libasyncns.so.0.3.1
7f8cae7c4000-7f8cae824000 r-xp 00000000 08:01 14676563                   /usr/lib/x86_64-linux-gnu/libsndfile.so.1.0.24
7f8cae824000-7f8caea24000 ---p 00060000 08:01 14676563                   /usr/lib/x86_64-linux-gnu/libsndfile.so.1.0.24
7f8caea24000-7f8caea26000 r-xp 00060000 08:01 14676563                   /usr/lib/x86_64-linux-gnu/libsndfile.so.1.0.24
7f8caea26000-7f8caea27000 rwxp 00062000 08:01 14676563                   /usr/lib/x86_64-linux-gnu/libsndfile.so.1.0.24
7f8caea27000-7f8caea2b000 rwxp 00000000 00:00 0 
7f8caea2b000-7f8caea33000 r-xp 00000000 08:01 7194185                    /lib/x86_64-linux-gnu/libwrap.so.0.7.6
7f8caea33000-7f8caec32000 ---p 00008000 08:01 7194185                    /lib/x86_64-linux-gnu/libwrap.so.0.7.6
7f8caec32000-7f8caec33000 r-xp 00007000 08:01 7194185                    /lib/x86_64-linux-gnu/libwrap.so.0.7.6
7f8caec33000-7f8caec34000 rwxp 00008000 08:01 7194185                    /lib/x86_64-linux-gnu/libwrap.so.0.7.6
7f8caec34000-7f8caec76000 r-xp 00000000 08:01 6021252                    /lib/x86_64-linux-gnu/libdbus-1.so.3.5.7
7f8caec76000-7f8caee75000 ---p 00042000 08:01 6021252                    /lib/x86_64-linux-gnu/libdbus-1.so.3.5.7
7f8caee75000-7f8caee76000 r-xp 00041000 08:01 6021252                    /lib/x86_64-linux-gnu/libdbus-1.so.3.5.7
7f8caee76000-7f8caee77000 rwxp 00042000 08:01 6021252                    /lib/x86_64-linux-gnu/libdbus-1.so.3.5.7
7f8caee77000-7f8caeed3000 r-xp 00000000 08:01 14674155                   /usr/lib/x86_64-linux-gnu/libpulsecommon-1.0.so
7f8caeed3000-7f8caf0d3000 ---p 0005c000 08:01 14674155                   /usr/lib/x86_64-linux-gnu/libpulsecommon-1.0.so
7f8caf0d3000-7f8caf0d4000 r-xp 0005c000 08:01 14674155                   /usr/lib/x86_64-linux-gnu/libpulsecommon-1.0.so
7f8caf0d4000-7f8caf0d5000 rwxp 0005d000 08:01 14674155                   /usr/lib/x86_64-linux-gnu/libpulsecommon-1.0.so
7f8caf0d5000-7f8caf0dc000 r-xp 00000000 08:01 14674145                   /usr/lib/x86_64-linux-gnu/libjson.so.0.0.1
7f8caf0dc000-7f8caf2db000 ---p 00007000 08:01 14674145                   /usr/lib/x86_64-linux-gnu/libjson.so.0.0.1
7f8caf2db000-7f8caf2dc000 r-xp 00006000 08:01 14674145                   /usr/lib/x86_64-linux-gnu/libjson.so.0.0.1
7f8caf2dc000-7f8caf2dd000 rwxp 00007000 08:01 14674145                   /usr/lib/x86_64-linux-gnu/libjson.so.0.0.1
7f8caf2dd000-7f8caf323000 r-xp 00000000 08:01 14674153                   /usr/lib/x86_64-linux-gnu/libpulse.so.0.13.4
7f8caf323000-7f8caf522000 ---p 00046000 08:01 14674153                   /usr/lib/x86_64-linux-gnu/libpulse.so.0.13.4
7f8caf522000-7f8caf523000 r-xp 00045000 08:01 14674153                   /usr/lib/x86_64-linux-gnu/libpulse.so.0.13.4
7f8caf523000-7f8caf524000 rwxp 00046000 08:01 14674153                   /usr/lib/x86_64-linux-gnu/libpulse.so.0.13.4
7f8caf524000-7f8caf570000 r-xp 00000000 08:01 9290175                    /tmp/libgdx/2358195942/libopenal64.so
7f8caf570000-7f8caf76f000 ---p 0004c000 08:01 9290175                    /tmp/libgdx/2358195942/libopenal64.so
7f8caf76f000-7f8caf771000 r-xp 0004b000 08:01 9290175                    /tmp/libgdx/2358195942/libopenal64.so
7f8caf771000-7f8caf772000 rwxp 0004d000 08:01 9290175                    /tmp/libgdx/2358195942/libopenal64.so
7f8caf772000-7f8caf773000 rwxp 00000000 00:00 0 
7f8caf773000-7f8caf774000 r-xp 00000000 08:01 1475053                    /app/jdk1.6.0_17/jre/lib/amd64/libjawt.so
7f8caf774000-7f8caf873000 ---p 00001000 08:01 1475053                    /app/jdk1.6.0_17/jre/lib/amd64/libjawt.so
7f8caf873000-7f8caf874000 rwxp 00000000 08:01 1475053                    /app/jdk1.6.0_17/jre/lib/amd64/libjawt.so
7f8caf874000-7f8caf879000 r-xp 00000000 08:01 14676620                   /usr/lib/x86_64-linux-gnu/libXxf86vm.so.1.0.0
7f8caf879000-7f8cafa78000 ---p 00005000 08:01 14676620                   /usr/lib/x86_64-linux-gnu/libXxf86vm.so.1.0.0
7f8cafa78000-7f8cafa79000 r-xp 00004000 08:01 14676620                   /usr/lib/x86_64-linux-gnu/libXxf86vm.so.1.0.0
7f8cafa79000-7f8cafa7a000 rwxp 00005000 08:01 14676620                   /usr/lib/x86_64-linux-gnu/libXxf86vm.so.1.0.0
7f8cafa7a000-7f8cafa82000 r-xp 00000000 08:01 14672157                   /usr/lib/x86_64-linux-gnu/libXrandr.so.2.2.0
7f8cafa82000-7f8cafc81000 ---p 00008000 08:01 14672157                   /usr/lib/x86_64-linux-gnu/libXrandr.so.2.2.0
7f8cafc81000-7f8cafc82000 r-xp 00007000 08:01 14672157                   /usr/lib/x86_64-linux-gnu/libXrandr.so.2.2.0
7f8cafc82000-7f8cafc83000 rwxp 00008000 08:01 14672157                   /usr/lib/x86_64-linux-gnu/libXrandr.so.2.2.0
7f8cafc83000-7f8cafcfc000 r-xp 00000000 08:01 9290176                    /tmp/libgdx/2358195942/liblwjgl64.so
7f8cafcfc000-7f8cafefc000 ---p 00079000 08:01 9290176                    /tmp/libgdx/2358195942/liblwjgl64.so
7f8cafefc000-7f8cafefe000 r-xp 00079000 08:01 9290176                    /tmp/libgdx/2358195942/liblwjgl64.so
7f8cafefe000-7f8cafeff000 rwxp 0007b000 08:01 9290176                    /tmp/libgdx/2358195942/liblwjgl64.so
7f8cafeff000-7f8caff02000 ---p 00000000 00:00 0 
7f8caff02000-7f8cb0000000 rwxp 00000000 00:00 0 
7f8cb0000000-7f8cb0691000 rwxp 00000000 00:00 0 
7f8cb0691000-7f8cb4000000 ---p 00000000 00:00 0 
7f8cb4008000-7f8cb408e000 rwxp 00000000 00:00 0 
7f8cb408e000-7f8cb4093000 r-xp 00000000 08:01 14676150                   /usr/lib/x86_64-linux-gnu/libXfixes.so.3.1.0
7f8cb4093000-7f8cb4292000 ---p 00005000 08:01 14676150                   /usr/lib/x86_64-linux-gnu/libXfixes.so.3.1.0
7f8cb4292000-7f8cb4293000 r-xp 00004000 08:01 14676150                   /usr/lib/x86_64-linux-gnu/libXfixes.so.3.1.0
7f8cb4293000-7f8cb4294000 rwxp 00005000 08:01 14676150                   /usr/lib/x86_64-linux-gnu/libXfixes.so.3.1.0
7f8cb4294000-7f8cb429d000 r-xp 00000000 08:01 14676291                   /usr/lib/x86_64-linux-gnu/libXrender.so.1.3.0
7f8cb429d000-7f8cb449d000 ---p 00009000 08:01 14676291                   /usr/lib/x86_64-linux-gnu/libXrender.so.1.3.0
7f8cb449d000-7f8cb449e000 r-xp 00009000 08:01 14676291                   /usr/lib/x86_64-linux-gnu/libXrender.so.1.3.0
7f8cb449e000-7f8cb449f000 rwxp 0000a000 08:01 14676291                   /usr/lib/x86_64-linux-gnu/libXrender.so.1.3.0
7f8cb449f000-7f8cb44a8000 r-xp 00000000 08:01 14672834                   /usr/lib/x86_64-linux-gnu/libXcursor.so.1.0.2
7f8cb44a8000-7f8cb46a7000 ---p 00009000 08:01 14672834                   /usr/lib/x86_64-linux-gnu/libXcursor.so.1.0.2
7f8cb46a7000-7f8cb46a8000 r-xp 00008000 08:01 14672834                   /usr/lib/x86_64-linux-gnu/libXcursor.so.1.0.2
7f8cb46a8000-7f8cb46a9000 rwxp 00009000 08:01 14672834                   /usr/lib/x86_64-linux-gnu/libXcursor.so.1.0.2
7f8cb46a9000-7f8cb46ac000 ---p 00000000 00:00 0 
7f8cb46ac000-7f8cb47aa000 rwxp 00000000 00:00 0 
7f8cb47aa000-7f8cb4828000 r-xp 00000000 08:01 1475041                    /app/jdk1.6.0_17/jre/lib/amd64/libfontmanager.so
7f8cb4828000-7f8cb4927000 ---p 0007e000 08:01 1475041                    /app/jdk1.6.0_17/jre/lib/amd64/libfontmanager.so
7f8cb4927000-7f8cb493d000 rwxp 0007d000 08:01 1475041                    /app/jdk1.6.0_17/jre/lib/amd64/libfontmanager.so
7f8cb493d000-7f8cb494e000 rwxp 00000000 00:00 0 
7f8cb494e000-7f8cb4953000 r-xp 00000000 08:01 14674132                   /usr/lib/x86_64-linux-gnu/libXdmcp.so.6.0.0
7f8cb4953000-7f8cb4b52000 ---p 00005000 08:01 14674132                   /usr/lib/x86_64-linux-gnu/libXdmcp.so.6.0.0
7f8cb4b52000-7f8cb4b53000 r-xp 00004000 08:01 14674132                   /usr/lib/x86_64-linux-gnu/libXdmcp.so.6.0.0
7f8cb4b53000-7f8cb4b54000 rwxp 00005000 08:01 14674132                   /usr/lib/x86_64-linux-gnu/libXdmcp.so.6.0.0
7f8cb4b54000-7f8cb4b56000 r-xp 00000000 08:01 14672391                   /usr/lib/x86_64-linux-gnu/libXau.so.6.0.0
7f8cb4b56000-7f8cb4d55000 ---p 00002000 08:01 14672391                   /usr/lib/x86_64-linux-gnu/libXau.so.6.0.0
7f8cb4d55000-7f8cb4d56000 r-xp 00001000 08:01 14672391                   /usr/lib/x86_64-linux-gnu/libXau.so.6.0.0
7f8cb4d56000-7f8cb4d57000 rwxp 00002000 08:01 14672391                   /usr/lib/x86_64-linux-gnu/libXau.so.6.0.0
7f8cb4d57000-7f8cb4d72000 r-xp 00000000 08:01 14674137                   /usr/lib/x86_64-linux-gnu/libxcb.so.1.1.0
7f8cb4d72000-7f8cb4f71000 ---p 0001b000 08:01 14674137                   /usr/lib/x86_64-linux-gnu/libxcb.so.1.1.0
7f8cb4f71000-7f8cb4f72000 r-xp 0001a000 08:01 14674137                   /usr/lib/x86_64-linux-gnu/libxcb.so.1.1.0
7f8cb4f72000-7f8cb4f73000 rwxp 0001b000 08:01 14674137                   /usr/lib/x86_64-linux-gnu/libxcb.so.1.1.0
7f8cb4f73000-7f8cb4f82000 r-xp 00000000 08:01 14676363                   /usr/lib/x86_64-linux-gnu/libXi.so.6.1.0
7f8cb4f82000-7f8cb5181000 ---p 0000f000 08:01 14676363                   /usr/lib/x86_64-linux-gnu/libXi.so.6.1.0
7f8cb5181000-7f8cb5182000 r-xp 0000e000 08:01 14676363                   /usr/lib/x86_64-linux-gnu/libXi.so.6.1.0
7f8cb5182000-7f8cb5183000 rwxp 0000f000 08:01 14676363                   /usr/lib/x86_64-linux-gnu/libXi.so.6.1.0
7f8cb5183000-7f8cb5188000 r-xp 00000000 08:01 14263976                   /usr/lib/libXtst.so.6.1.0
7f8cb5188000-7f8cb5387000 ---p 00005000 08:01 14263976                   /usr/lib/libXtst.so.6.1.0
7f8cb5387000-7f8cb5388000 r-xp 00004000 08:01 14263976                   /usr/lib/libXtst.so.6.1.0
7f8cb5388000-7f8cb5389000 rwxp 00005000 08:01 14263976                   /usr/lib/libXtst.so.6.1.0
7f8cb5389000-7f8cb54bc000 r-xp 00000000 08:01 14674142                   /usr/lib/x86_64-linux-gnu/libX11.so.6.3.0
7f8cb54bc000-7f8cb56bc000 ---p 00133000 08:01 14674142                   /usr/lib/x86_64-linux-gnu/libX11.so.6.3.0
7f8cb56bc000-7f8cb56bd000 r-xp 00133000 08:01 14674142                   /usr/lib/x86_64-linux-gnu/libX11.so.6.3.0
7f8cb56bd000-7f8cb56c1000 rwxp 00134000 08:01 14674142                   /usr/lib/x86_64-linux-gnu/libX11.so.6.3.0
7f8cb56c1000-7f8cb56d3000 r-xp 00000000 08:01 14671887                   /usr/lib/x86_64-linux-gnu/libXext.so.6.4.0
7f8cb56d3000-7f8cb58d2000 ---p 00012000 08:01 14671887                   /usr/lib/x86_64-linux-gnu/libXext.so.6.4.0
7f8cb58d2000-7f8cb58d3000 r-xp 00011000 08:01 14671887                   /usr/lib/x86_64-linux-gnu/libXext.so.6.4.0
7f8cb58d3000-7f8cb58d4000 rwxp 00012000 08:01 14671887                   /usr/lib/x86_64-linux-gnu/libXext.so.6.4.0
7f8cb58d4000-7f8cb5916000 r-xp 00000000 08:01 1738716                    /app/jdk1.6.0_17/jre/lib/amd64/xawt/libmawt.so
7f8cb5916000-7f8cb5a15000 ---p 00042000 08:01 1738716                    /app/jdk1.6.0_17/jre/lib/amd64/xawt/libmawt.so
7f8cb5a15000-7f8cb5a20000 rwxp 00041000 08:01 1738716                    /app/jdk1.6.0_17/jre/lib/amd64/xawt/libmawt.so
7f8cb5a20000-7f8cb5a22000 rwxp 00000000 00:00 0 
7f8cb5a22000-7f8cb5ab4000 r-xp 00000000 08:01 1475067                    /app/jdk1.6.0_17/jre/lib/amd64/libawt.so
7f8cb5ab4000-7f8cb5bb3000 ---p 00092000 08:01 1475067                    /app/jdk1.6.0_17/jre/lib/amd64/libawt.so
7f8cb5bb3000-7f8cb5bcc000 rwxp 00091000 08:01 1475067                    /app/jdk1.6.0_17/jre/lib/amd64/libawt.so
7f8cb5bcc000-7f8cb5bf1000 rwxp 00000000 00:00 0 
7f8cb5bf1000-7f8cb5c06000 r-xp 00000000 08:01 6021157                    /lib/x86_64-linux-gnu/libgcc_s.so.1
7f8cb5c06000-7f8cb5e05000 ---p 00015000 08:01 6021157                    /lib/x86_64-linux-gnu/libgcc_s.so.1
7f8cb5e05000-7f8cb5e06000 r-xp 00014000 08:01 6021157                    /lib/x86_64-linux-gnu/libgcc_s.so.1
7f8cb5e06000-7f8cb5e07000 rwxp 00015000 08:01 6021157                    /lib/x86_64-linux-gnu/libgcc_s.so.1
7f8cb5e07000-7f8cb5eef000 r-xp 00000000 08:01 14672491                   /usr/lib/x86_64-linux-gnu/libstdc++.so.6.0.16
7f8cb5eef000-7f8cb60ef000 ---p 000e8000 08:01 14672491                   /usr/lib/x86_64-linux-gnu/libstdc++.so.6.0.16
7f8cb60ef000-7f8cb60f7000 r-xp 000e8000 08:01 14672491                   /usr/lib/x86_64-linux-gnu/libstdc++.so.6.0.16
7f8cb60f7000-7f8cb60f9000 rwxp 000f0000 08:01 14672491                   /usr/lib/x86_64-linux-gnu/libstdc++.so.6.0.16
7f8cb60f9000-7f8cb610e000 rwxp 00000000 00:00 0 
7f8cb610f000-7f8cb612a000 rwxs 120e80000 00:05 9390                      /dev/nvidia0
7f8cb612a000-7f8cb6153000 rwxp 00000000 00:00 0 
7f8cb6153000-7f8cb61e9000 r-xp 00000000 08:01 9290174                    /tmp/libgdx/2358195942/libgdx-64.so
7f8cb61e9000-7f8cb63e8000 ---p 00096000 08:01 9290174                    /tmp/libgdx/2358195942/libgdx-64.so
7f8cb63e8000-7f8cb63ea000 r-xp 00095000 08:01 9290174                    /tmp/libgdx/2358195942/libgdx-64.so
7f8cb63ea000-7f8cb63ec000 rwxp 00097000 08:01 9290174                    /tmp/libgdx/2358195942/libgdx-64.so
7f8cb63ec000-7f8cb63ee000 rwxp 00000000 00:00 0 
7f8cb63ee000-7f8cb63f5000 r-xs 0007b000 08:01 3827852                    /home/me/Dropbox/Critterdroid1/libs/jarbm/jaRBM_v1.0.jar
7f8cb63f5000-7f8cb63fd000 r-xs 00059000 08:01 7348917                    /home/me/Dropbox/Critterdroid1/libs/javolution-5.5.1(1).jar
7f8cb63fd000-7f8cb640b000 r-xs 00083000 08:01 3828363                    /home/me/Dropbox/Critterdroid1/libs/dANN/dann-core-2.0-SNAPSHOT.jar
7f8cb640b000-7f8cb640d000 r-xs 0004e000 08:01 3828360                    /home/me/Dropbox/Critterdroid1/libs/dANN/vecmath.jar
7f8cb640d000-7f8cb6414000 r-xs 00059000 08:01 3828362                    /home/me/Dropbox/Critterdroid1/libs/dANN/log4j-1.2.15.jar
7f8cb6414000-7f8cb641a000 r-xs 00030000 08:01 3828359                    /home/me/Dropbox/Critterdroid1/libs/dANN/junit-4.6.jar
7f8cb641a000-7f8cb641c000 r-xs 00009000 08:01 3828349                    /home/me/Dropbox/Critterdroid1/libs/dANN/jaxb2-basics-runtime-0.5.3.jar
7f8cb641c000-7f8cb642a000 r-xs 000d2000 08:01 3867417                    /home/me/Dropbox/Critterdroid1/libs/libgdx-0.9.2/gdx.jar
7f8cb642a000-7f8cb6431000 r-xs 0005b000 08:01 3867414                    /home/me/Dropbox/Critterdroid1/libs/libgdx-0.9.2/gdx-tools.jar
7f8cb6431000-7f8cb643a000 r-xs 00097000 08:01 3867413                    /home/me/Dropbox/Critterdroid1/libs/libgdx-0.9.2/gdx-sources.jar
7f8cb643a000-7f8cb643b000 r-xs 00004000 08:01 3867412                    /home/me/Dropbox/Critterdroid1/libs/libgdx-0.9.2/gdx-openal-sources.jar
7f8cb643b000-7f8cb643c000 r-xs 001be000 08:01 3867411                    /home/me/Dropbox/Critterdroid1/libs/libgdx-0.9.2/gdx-natives.jar
7f8cb643c000-7f8cb644d000 r-xs 0011b000 08:01 3867420                    /home/me/Dropbox/Critterdroid1/libs/libgdx-0.9.2/gdx-backend-lwjgl.jar
7f8cb644d000-7f8cb644e000 r-xs 00007000 08:01 3867407                    /home/me/Dropbox/Critterdroid1/libs/libgdx-0.9.2/gdx-backend-lwjgl-sources.jar
7f8cb644e000-7f8cb644f000 r-xs 00127000 08:01 3867422                    /home/me/Dropbox/Critterdroid1/libs/libgdx-0.9.2/gdx-backend-lwjgl-natives.jar
7f8cb644f000-7f8cb6469000 r-xs 00207000 08:01 3867421                    /home/me/Dropbox/Critterdroid1/libs/libgdx-0.9.2/gdx-backend-jogl.jar
7f8cb6469000-7f8cb646a000 r-xs 00007000 08:01 3867396                    /home/me/Dropbox/Critterdroid1/libs/libgdx-0.9.2/gdx-backend-jogl-sources.jar
7f8cb646a000-7f8cb646b000 r-xs 00203000 08:01 3867406                    /home/me/Dropbox/Critterdroid1/libs/libgdx-0.9.2/gdx-backend-jogl-natives.jar
7f8cb646b000-7f8cb646e000 r-xs 00023000 08:01 3867418                    /home/me/Dropbox/Critterdroid1/libs/libgdx-0.9.2/gdx-backend-android.jar
7f8cb646e000-7f8cb6471000 r-xs 00014000 08:01 3867419                    /home/me/Dropbox/Critterdroid1/libs/libgdx-0.9.2/gdx-backend-android-sources.jar
7f8cb6471000-7f8cb6472000 ---p 00000000 00:00 0 
7f8cb6472000-7f8cb6572000 rwxp 00000000 00:00 0 
7f8cb6572000-7f8cb6575000 ---p 00000000 00:00 0 
7f8cb6575000-7f8cb6673000 rwxp 00000000 00:00 0 
7f8cb6673000-7f8cb6676000 ---p 00000000 00:00 0 
7f8cb6676000-7f8cb6774000 rwxp 00000000 00:00 0 
7f8cb6774000-7f8cb6777000 ---p 00000000 00:00 0 
7f8cb6777000-7f8cb6875000 rwxp 00000000 00:00 0 
7f8cb6875000-7f8cb6878000 ---p 00000000 00:00 0 
7f8cb6878000-7f8cb6976000 rwxp 00000000 00:00 0 
7f8cb6976000-7f8cb6efa000 r-xp 00000000 08:01 14279221                   /usr/lib/locale/locale-archive
7f8cb6efa000-7f8cb6efd000 ---p 00000000 00:00 0 
7f8cb6efd000-7f8cb6ffb000 rwxp 00000000 00:00 0 
7f8cb6ffb000-7f8cb6ffe000 ---p 00000000 00:00 0 
7f8cb6ffe000-7f8cb70fc000 rwxp 00000000 00:00 0 
7f8cb70fc000-7f8cb70fd000 ---p 00000000 00:00 0 
7f8cb70fd000-7f8cb7260000 rwxp 00000000 00:00 0 
7f8cb7260000-7f8cb73f6000 r-xs 02fb6000 08:01 2476916                    /app/jdk1.6.0_17/jre/lib/rt.jar
7f8cb73f6000-7f8cb73f7000 ---p 00000000 00:00 0 
7f8cb73f7000-7f8cb74f7000 rwxp 00000000 00:00 0 
7f8cb74f7000-7f8cb74f8000 ---p 00000000 00:00 0 
7f8cb74f8000-7f8cb75f8000 rwxp 00000000 00:00 0 
7f8cb75f8000-7f8cb75f9000 ---p 00000000 00:00 0 
7f8cb75f9000-7f8cb76f9000 rwxp 00000000 00:00 0 
7f8cb76f9000-7f8cb76fa000 ---p 00000000 00:00 0 
7f8cb76fa000-7f8cb780f000 rwxp 00000000 00:00 0 
7f8cb780f000-7f8cb7945000 rwxp 00000000 00:00 0 
7f8cb7945000-7f8cb7950000 rwxp 00000000 00:00 0 
7f8cb7950000-7f8cb796f000 rwxp 00000000 00:00 0 
7f8cb796f000-7f8cb7984000 rwxp 00000000 00:00 0 
7f8cb7984000-7f8cb7ab9000 rwxp 00000000 00:00 0 
7f8cb7ab9000-7f8cb7acc000 rwxp 00000000 00:00 0 
7f8cb7acc000-7f8cb7b5f000 rwxp 00000000 00:00 0 
7f8cb7b5f000-7f8cb9020000 rwxp 00000000 00:00 0 
7f8cb9020000-7f8cbcf60000 rwxp 00000000 00:00 0 
7f8cbcf60000-7f8cbf8b0000 rwxp 00000000 00:00 0 
7f8cbf8b0000-7f8ce64c0000 rwxp 00000000 00:00 0 
7f8ce64c0000-7f8ce88e0000 rwxp 00000000 00:00 0 
7f8ce88e0000-7f8cfaf60000 rwxp 00000000 00:00 0 
7f8cfaf6f000-7f8cfaf79000 rwxp 00000000 00:00 0 
7f8cfaf79000-7f8cfb02f000 rwxp 00000000 00:00 0 
7f8cfb02f000-7f8cfb29f000 rwxp 00000000 00:00 0 
7f8cfb29f000-7f8cfe02f000 rwxp 00000000 00:00 0 
7f8cfe02f000-7f8cfe03d000 r-xp 00000000 08:01 1475043                    /app/jdk1.6.0_17/jre/lib/amd64/libzip.so
7f8cfe03d000-7f8cfe13f000 ---p 0000e000 08:01 1475043                    /app/jdk1.6.0_17/jre/lib/amd64/libzip.so
7f8cfe13f000-7f8cfe142000 rwxp 00010000 08:01 1475043                    /app/jdk1.6.0_17/jre/lib/amd64/libzip.so
7f8cfe142000-7f8cfe143000 rwxp 00000000 00:00 0 
7f8cfe143000-7f8cfe14f000 r-xp 00000000 08:01 6021184                    /lib/x86_64-linux-gnu/libnss_files-2.13.so
7f8cfe14f000-7f8cfe34e000 ---p 0000c000 08:01 6021184                    /lib/x86_64-linux-gnu/libnss_files-2.13.so
7f8cfe34e000-7f8cfe34f000 r-xp 0000b000 08:01 6021184                    /lib/x86_64-linux-gnu/libnss_files-2.13.so
7f8cfe34f000-7f8cfe350000 rwxp 0000c000 08:01 6021184                    /lib/x86_64-linux-gnu/libnss_files-2.13.so
7f8cfe350000-7f8cfe35a000 r-xp 00000000 08:01 6021208                    /lib/x86_64-linux-gnu/libnss_nis-2.13.so
7f8cfe35a000-7f8cfe55a000 ---p 0000a000 08:01 6021208                    /lib/x86_64-linux-gnu/libnss_nis-2.13.so
7f8cfe55a000-7f8cfe55b000 r-xp 0000a000 08:01 6021208                    /lib/x86_64-linux-gnu/libnss_nis-2.13.so
7f8cfe55b000-7f8cfe55c000 rwxp 0000b000 08:01 6021208                    /lib/x86_64-linux-gnu/libnss_nis-2.13.so
7f8cfe55c000-7f8cfe564000 r-xp 00000000 08:01 6021164                    /lib/x86_64-linux-gnu/libnss_compat-2.13.so
7f8cfe564000-7f8cfe763000 ---p 00008000 08:01 6021164                    /lib/x86_64-linux-gnu/libnss_compat-2.13.so
7f8cfe763000-7f8cfe764000 r-xp 00007000 08:01 6021164                    /lib/x86_64-linux-gnu/libnss_compat-2.13.so
7f8cfe764000-7f8cfe765000 rwxp 00008000 08:01 6021164                    /lib/x86_64-linux-gnu/libnss_compat-2.13.so
7f8cfe765000-7f8cfe76c000 r-xp 00000000 08:01 1747144                    /app/jdk1.6.0_17/jre/lib/amd64/native_threads/libhpi.so
7f8cfe76c000-7f8cfe86d000 ---p 00007000 08:01 1747144                    /app/jdk1.6.0_17/jre/lib/amd64/native_threads/libhpi.so
7f8cfe86d000-7f8cfe86f000 rwxp 00008000 08:01 1747144                    /app/jdk1.6.0_17/jre/lib/amd64/native_threads/libhpi.so
7f8cfe86f000-7f8cfe870000 rwxp 00000000 00:00 0 
7f8cfe870000-7f8cfe887000 r-xp 00000000 08:01 6021167                    /lib/x86_64-linux-gnu/libnsl-2.13.so
7f8cfe887000-7f8cfea86000 ---p 00017000 08:01 6021167                    /lib/x86_64-linux-gnu/libnsl-2.13.so
7f8cfea86000-7f8cfea87000 r-xp 00016000 08:01 6021167                    /lib/x86_64-linux-gnu/libnsl-2.13.so
7f8cfea87000-7f8cfea88000 rwxp 00017000 08:01 6021167                    /lib/x86_64-linux-gnu/libnsl-2.13.so
7f8cfea88000-7f8cfea8a000 rwxp 00000000 00:00 0 
7f8cfea8a000-7f8cfeab3000 r-xp 00000000 08:01 1475052                    /app/jdk1.6.0_17/jre/lib/amd64/libjava.so
7f8cfeab3000-7f8cfebb2000 ---p 00029000 08:01 1475052                    /app/jdk1.6.0_17/jre/lib/amd64/libjava.so
7f8cfebb2000-7f8cfebb9000 rwxp 00028000 08:01 1475052                    /app/jdk1.6.0_17/jre/lib/amd64/libjava.so
7f8cfebb9000-7f8cfebc6000 r-xp 00000000 08:01 1475038                    /app/jdk1.6.0_17/jre/lib/amd64/libverify.so
7f8cfebc6000-7f8cfecc5000 ---p 0000d000 08:01 1475038                    /app/jdk1.6.0_17/jre/lib/amd64/libverify.so
7f8cfecc5000-7f8cfecc8000 rwxp 0000c000 08:01 1475038                    /app/jdk1.6.0_17/jre/lib/amd64/libverify.so
7f8cfecc8000-7f8cfeccf000 r-xp 00000000 08:01 6021160                    /lib/x86_64-linux-gnu/librt-2.13.so
7f8cfeccf000-7f8cfeece000 ---p 00007000 08:01 6021160                    /lib/x86_64-linux-gnu/librt-2.13.so
7f8cfeece000-7f8cfeecf000 r-xp 00006000 08:01 6021160                    /lib/x86_64-linux-gnu/librt-2.13.so
7f8cfeecf000-7f8cfeed0000 rwxp 00007000 08:01 6021160                    /lib/x86_64-linux-gnu/librt-2.13.so
7f8cfeed0000-7f8cfeed3000 ---p 00000000 00:00 0 
7f8cfeed3000-7f8cfefd1000 rwxp 00000000 00:00 0 
7f8cfefd1000-7f8cff054000 r-xp 00000000 08:01 6021209                    /lib/x86_64-linux-gnu/libm-2.13.so
7f8cff054000-7f8cff253000 ---p 00083000 08:01 6021209                    /lib/x86_64-linux-gnu/libm-2.13.so
7f8cff253000-7f8cff254000 r-xp 00082000 08:01 6021209                    /lib/x86_64-linux-gnu/libm-2.13.so
7f8cff254000-7f8cff255000 rwxp 00083000 08:01 6021209                    /lib/x86_64-linux-gnu/libm-2.13.so
7f8cff255000-7f8cff9b3000 r-xp 00000000 08:01 1631486                    /app/jdk1.6.0_17/jre/lib/amd64/server/libjvm.so
7f8cff9b3000-7f8cffab2000 ---p 0075e000 08:01 1631486                    /app/jdk1.6.0_17/jre/lib/amd64/server/libjvm.so
7f8cffab2000-7f8cffc2a000 rwxp 0075d000 08:01 1631486                    /app/jdk1.6.0_17/jre/lib/amd64/server/libjvm.so
7f8cffc2a000-7f8cffc68000 rwxp 00000000 00:00 0 
7f8cffc68000-7f8cffdfd000 r-xp 00000000 08:01 6021169                    /lib/x86_64-linux-gnu/libc-2.13.so
7f8cffdfd000-7f8cffffc000 ---p 00195000 08:01 6021169                    /lib/x86_64-linux-gnu/libc-2.13.so
7f8cffffc000-7f8d00000000 r-xp 00194000 08:01 6021169                    /lib/x86_64-linux-gnu/libc-2.13.so
7f8d00000000-7f8d00001000 rwxp 00198000 08:01 6021169                    /lib/x86_64-linux-gnu/libc-2.13.so
7f8d00001000-7f8d00007000 rwxp 00000000 00:00 0 
7f8d00007000-7f8d00009000 r-xp 00000000 08:01 6021170                    /lib/x86_64-linux-gnu/libdl-2.13.so
7f8d00009000-7f8d00209000 ---p 00002000 08:01 6021170                    /lib/x86_64-linux-gnu/libdl-2.13.so
7f8d00209000-7f8d0020a000 r-xp 00002000 08:01 6021170                    /lib/x86_64-linux-gnu/libdl-2.13.so
7f8d0020a000-7f8d0020b000 rwxp 00003000 08:01 6021170                    /lib/x86_64-linux-gnu/libdl-2.13.so
7f8d0020b000-7f8d00223000 r-xp 00000000 08:01 6021207                    /lib/x86_64-linux-gnu/libpthread-2.13.so
7f8d00223000-7f8d00422000 ---p 00018000 08:01 6021207                    /lib/x86_64-linux-gnu/libpthread-2.13.so
7f8d00422000-7f8d00423000 r-xp 00017000 08:01 6021207                    /lib/x86_64-linux-gnu/libpthread-2.13.so
7f8d00423000-7f8d00424000 rwxp 00018000 08:01 6021207                    /lib/x86_64-linux-gnu/libpthread-2.13.so
7f8d00424000-7f8d00428000 rwxp 00000000 00:00 0 
7f8d00428000-7f8d00449000 r-xp 00000000 08:01 6021206                    /lib/x86_64-linux-gnu/ld-2.13.so
7f8d0044f000-7f8d00451000 rwxs 00000000 08:01 13517332                   /tmp/glxdMWqg (deleted)
7f8d00451000-7f8d00455000 rwxs a715f000 00:05 9390                       /dev/nvidia0
7f8d00455000-7f8d00456000 rwxs c0005000 00:05 9390                       /dev/nvidia0
7f8d00456000-7f8d004f6000 rwxp 00000000 00:00 0 
7f8d004f6000-7f8d004fd000 r-xp 00000000 08:01 1485757                    /app/jdk1.6.0_17/jre/lib/amd64/jli/libjli.so
7f8d004fd000-7f8d005fe000 ---p 00007000 08:01 1485757                    /app/jdk1.6.0_17/jre/lib/amd64/jli/libjli.so
7f8d005fe000-7f8d00600000 rwxp 00008000 08:01 1485757                    /app/jdk1.6.0_17/jre/lib/amd64/jli/libjli.so
7f8d00600000-7f8d00601000 rwxp 00000000 00:00 0 
7f8d00601000-7f8d00602000 rwxs aa900000 00:05 9390                       /dev/nvidia0
7f8d00602000-7f8d00606000 rwxs 049b1000 00:05 9390                       /dev/nvidia0
7f8d00606000-7f8d00607000 rwxs e2c0c000 00:05 9390                       /dev/nvidia0
7f8d00607000-7f8d00608000 rwxs e2641000 00:05 9390                       /dev/nvidia0
7f8d00608000-7f8d00609000 rwxs 136b7f000 00:05 9390                      /dev/nvidia0
7f8d00609000-7f8d0060a000 rwxs a7164000 00:05 9390                       /dev/nvidia0
7f8d0060a000-7f8d0060b000 rwxs e2060000 00:05 9390                       /dev/nvidia0
7f8d0060b000-7f8d00612000 r-xs 00000000 08:01 14675967                   /usr/lib/x86_64-linux-gnu/gconv/gconv-modules.cache
7f8d00612000-7f8d0061d000 rwxp 00000000 00:00 0 
7f8d0061d000-7f8d0063c000 rwxp 00000000 00:00 0 
7f8d0063c000-7f8d00644000 rwxs 00000000 08:01 13527514                   /tmp/hsperfdata_me/16113
7f8d00644000-7f8d00645000 rwxp 00000000 00:00 0 
7f8d00645000-7f8d00646000 r-xp 00000000 00:00 0 
7f8d00646000-7f8d00648000 rwxp 00000000 00:00 0 
7f8d00648000-7f8d00649000 r-xp 00020000 08:01 6021206                    /lib/x86_64-linux-gnu/ld-2.13.so
7f8d00649000-7f8d0064b000 rwxp 00021000 08:01 6021206                    /lib/x86_64-linux-gnu/ld-2.13.so
7fff02517000-7fff02539000 rwxp 00000000 00:00 0                          [stack]
7fff025ff000-7fff02600000 r-xp 00000000 00:00 0                          [vdso]
ffffffffff600000-ffffffffff601000 r-xp 00000000 00:00 0                  [vsyscall]

VM Arguments:
jvm_args: -Dfile.encoding=UTF-8 
java_command: com.critterdroid.simulation.App
Launcher Type: SUN_STANDARD

Environment Variables:
PATH=/usr/lib/lightdm/lightdm:/usr/local/sbin:/usr/local/bin:/usr/sbin:/usr/bin:/sbin:/bin:/usr/games
USERNAME=me
LD_LIBRARY_PATH=/app/jdk1.6.0_17/jre/lib/amd64/server:/app/jdk1.6.0_17/jre/lib/amd64:/app/jdk1.6.0_17/jre/../lib/amd64
SHELL=/bin/bash
DISPLAY=:0.0

Signal Handlers:
SIGSEGV: [libjvm.so+0x6bddc0], sa_mask[0]=0x7ffbfeff, sa_flags=0x10000004
SIGBUS: [libjvm.so+0x6bddc0], sa_mask[0]=0x7ffbfeff, sa_flags=0x10000004
SIGFPE: [libjvm.so+0x594f90], sa_mask[0]=0x7ffbfeff, sa_flags=0x10000004
SIGPIPE: [libjvm.so+0x594f90], sa_mask[0]=0x7ffbfeff, sa_flags=0x10000004
SIGXFSZ: [libjvm.so+0x594f90], sa_mask[0]=0x7ffbfeff, sa_flags=0x10000004
SIGILL: [libjvm.so+0x594f90], sa_mask[0]=0x7ffbfeff, sa_flags=0x10000004
SIGUSR1: SIG_DFL, sa_mask[0]=0x00000000, sa_flags=0x00000000
SIGUSR2: [libjvm.so+0x597750], sa_mask[0]=0x00000004, sa_flags=0x10000004
SIGHUP: [libjvm.so+0x5974a0], sa_mask[0]=0x7ffbfeff, sa_flags=0x10000004
SIGINT: SIG_IGN, sa_mask[0]=0x00000000, sa_flags=0x00000000
SIGTERM: [libjvm.so+0x5974a0], sa_mask[0]=0x7ffbfeff, sa_flags=0x10000004
SIGQUIT: [libjvm.so+0x5974a0], sa_mask[0]=0x7ffbfeff, sa_flags=0x10000004


---------------  S Y S T E M  ---------------

OS:wheezy/sid

uname:Linux 3.0.0-13-generic #22-Ubuntu SMP Wed Nov 2 13:27:26 UTC 2011 x86_64
libc:glibc 2.13 NPTL 2.13 
rlimit: STACK 8192k, CORE 0k, NPROC 31578, NOFILE 4096, AS infinity
load average:0.32 0.50 0.49

CPU:total 4 (4 cores per cpu, 1 threads per core) family 6 model 15 stepping 11, cmov, cx8, fxsr, mmx, sse, sse2, sse3, ssse3

Memory: 4k page, physical 4057836k(222224k free), swap 9124884k(8336632k free)

vm_info: Java HotSpot(TM) 64-Bit Server VM (14.3-b01) for linux-amd64 JRE (1.6.0_17-b04), built on Oct 11 2009 01:08:48 by "java_re" with gcc 3.2.2 (SuSE Linux)

time: Wed Feb  1 17:16:34 2012
elapsed time: 1 seconds

